<?xml version="1.0" encoding="UTF-8"?>
<testng-results skipped="0" failed="1" ignored="0" total="6" passed="5">
  <reporter-output>
  </reporter-output>
  <suite name="AmazonProduct test Suite" duration-ms="32131" started-at="2020-06-02T14:19:50Z" finished-at="2020-06-02T14:20:22Z">
    <groups>
      <group name="Regression">
        <method signature="AddProductToCartTests.firstItemOfSearchResultVerification()[pri:0, instance:com.amazon.productTests.AddProductToCartTests@235834f2]" name="firstItemOfSearchResultVerification" class="com.amazon.productTests.AddProductToCartTests"/>
        <method signature="AddProductToCartTests.addToCartProductVerification()[pri:0, instance:com.amazon.productTests.AddProductToCartTests@235834f2]" name="addToCartProductVerification" class="com.amazon.productTests.AddProductToCartTests"/>
        <method signature="ProducrSearchTests.goButtonVerificationWithEmptySearchText()[pri:0, instance:com.amazon.productTests.ProducrSearchTests@3270d194]" name="goButtonVerificationWithEmptySearchText" class="com.amazon.productTests.ProducrSearchTests"/>
        <method signature="ProducrSearchTests.goButtonVerificationWithoutCategorySelection()[pri:0, instance:com.amazon.productTests.ProducrSearchTests@3270d194]" name="goButtonVerificationWithoutCategorySelection" class="com.amazon.productTests.ProducrSearchTests"/>
        <method signature="ProducrSearchTests.multiSearchResultVerification()[pri:0, instance:com.amazon.productTests.ProducrSearchTests@3270d194]" name="multiSearchResultVerification" class="com.amazon.productTests.ProducrSearchTests"/>
        <method signature="ProducrSearchTests.noResultVerification()[pri:0, instance:com.amazon.productTests.ProducrSearchTests@3270d194]" name="noResultVerification" class="com.amazon.productTests.ProducrSearchTests"/>
      </group> <!-- Regression -->
      <group name="Smoke">
        <method signature="ProducrSearchTests.multiSearchResultVerification()[pri:0, instance:com.amazon.productTests.ProducrSearchTests@3270d194]" name="multiSearchResultVerification" class="com.amazon.productTests.ProducrSearchTests"/>
      </group> <!-- Smoke -->
    </groups>
    <test name="AmazonProduct" duration-ms="32131" started-at="2020-06-02T14:19:50Z" finished-at="2020-06-02T14:20:22Z">
      <class name="com.amazon.productTests.ProducrSearchTests">
        <test-method status="PASS" signature="init()[pri:0, instance:com.amazon.productTests.ProducrSearchTests@3270d194]" name="init" is-config="true" duration-ms="4812" started-at="2020-06-02T14:19:50Z" finished-at="2020-06-02T14:19:55Z">
          <reporter-output>
          </reporter-output>
        </test-method> <!-- init -->
        <test-method status="PASS" signature="goButtonVerificationWithEmptySearchText()[pri:0, instance:com.amazon.productTests.ProducrSearchTests@3270d194]" name="goButtonVerificationWithEmptySearchText" duration-ms="3733" started-at="2020-06-02T14:19:55Z" finished-at="2020-06-02T14:19:59Z">
          <reporter-output>
          </reporter-output>
        </test-method> <!-- goButtonVerificationWithEmptySearchText -->
        <test-method status="PASS" signature="goButtonVerificationWithoutCategorySelection()[pri:0, instance:com.amazon.productTests.ProducrSearchTests@3270d194]" name="goButtonVerificationWithoutCategorySelection" duration-ms="4214" started-at="2020-06-02T14:19:59Z" finished-at="2020-06-02T14:20:03Z">
          <reporter-output>
          </reporter-output>
        </test-method> <!-- goButtonVerificationWithoutCategorySelection -->
        <test-method status="FAIL" signature="multiSearchResultVerification()[pri:0, instance:com.amazon.productTests.ProducrSearchTests@3270d194]" name="multiSearchResultVerification" duration-ms="2417" started-at="2020-06-02T14:20:03Z" finished-at="2020-06-02T14:20:05Z">
          <exception class="java.lang.AssertionError">
            <message>
              <![CDATA[expected [true] but found [false]]]>
            </message>
            <full-stacktrace>
              <![CDATA[java.lang.AssertionError: expected [true] but found [false]
at org.testng.Assert.fail(Assert.java:96)
at org.testng.Assert.failNotEquals(Assert.java:776)
at org.testng.Assert.assertTrue(Assert.java:44)
at org.testng.Assert.assertTrue(Assert.java:54)
at com.amazon.productTests.ProducrSearchTests.multiSearchResultVerification(ProducrSearchTests.java:56)
at sun.reflect.NativeMethodAccessorImpl.invoke0(Native Method)
at sun.reflect.NativeMethodAccessorImpl.invoke(NativeMethodAccessorImpl.java:62)
at sun.reflect.DelegatingMethodAccessorImpl.invoke(DelegatingMethodAccessorImpl.java:43)
at java.lang.reflect.Method.invoke(Method.java:498)
at org.testng.internal.MethodInvocationHelper.invokeMethod(MethodInvocationHelper.java:124)
at org.testng.internal.Invoker.invokeMethod(Invoker.java:583)
at org.testng.internal.Invoker.invokeTestMethod(Invoker.java:719)
at org.testng.internal.Invoker.invokeTestMethods(Invoker.java:989)
at org.testng.internal.TestMethodWorker.invokeTestMethods(TestMethodWorker.java:125)
at org.testng.internal.TestMethodWorker.run(TestMethodWorker.java:109)
at org.testng.TestRunner.privateRun(TestRunner.java:648)
at org.testng.TestRunner.run(TestRunner.java:505)
at org.testng.SuiteRunner.runTest(SuiteRunner.java:455)
at org.testng.SuiteRunner.runSequentially(SuiteRunner.java:450)
at org.testng.SuiteRunner.privateRun(SuiteRunner.java:415)
at org.testng.SuiteRunner.run(SuiteRunner.java:364)
at org.testng.SuiteRunnerWorker.runSuite(SuiteRunnerWorker.java:52)
at org.testng.SuiteRunnerWorker.run(SuiteRunnerWorker.java:84)
at org.testng.TestNG.runSuitesSequentially(TestNG.java:1208)
at org.testng.TestNG.runSuitesLocally(TestNG.java:1137)
at org.testng.TestNG.runSuites(TestNG.java:1049)
at org.testng.TestNG.run(TestNG.java:1017)
at org.apache.maven.surefire.testng.TestNGExecutor.run(TestNGExecutor.java:283)
at org.apache.maven.surefire.testng.TestNGXmlTestSuite.execute(TestNGXmlTestSuite.java:75)
at org.apache.maven.surefire.testng.TestNGProvider.invoke(TestNGProvider.java:120)
at org.apache.maven.surefire.booter.ForkedBooter.invokeProviderInSameClassLoader(ForkedBooter.java:386)
at org.apache.maven.surefire.booter.ForkedBooter.runSuitesInProcess(ForkedBooter.java:323)
at org.apache.maven.surefire.booter.ForkedBooter.main(ForkedBooter.java:143)
]]>
            </full-stacktrace>
          </exception> <!-- java.lang.AssertionError -->
          <reporter-output>
          </reporter-output>
        </test-method> <!-- multiSearchResultVerification -->
        <test-method status="PASS" signature="noResultVerification()[pri:0, instance:com.amazon.productTests.ProducrSearchTests@3270d194]" name="noResultVerification" duration-ms="2388" started-at="2020-06-02T14:20:06Z" finished-at="2020-06-02T14:20:08Z">
          <reporter-output>
          </reporter-output>
        </test-method> <!-- noResultVerification -->
        <test-method status="PASS" signature="afterTest()[pri:0, instance:com.amazon.productTests.ProducrSearchTests@3270d194]" name="afterTest" is-config="true" duration-ms="170" started-at="2020-06-02T14:20:08Z" finished-at="2020-06-02T14:20:08Z">
          <reporter-output>
          </reporter-output>
        </test-method> <!-- afterTest -->
      </class> <!-- com.amazon.productTests.ProducrSearchTests -->
      <class name="com.amazon.productTests.AddProductToCartTests">
        <test-method status="PASS" signature="init()[pri:0, instance:com.amazon.productTests.AddProductToCartTests@235834f2]" name="init" is-config="true" duration-ms="3335" started-at="2020-06-02T14:20:08Z" finished-at="2020-06-02T14:20:12Z">
          <reporter-output>
          </reporter-output>
        </test-method> <!-- init -->
        <test-method status="PASS" signature="firstItemOfSearchResultVerification()[pri:0, instance:com.amazon.productTests.AddProductToCartTests@235834f2]" name="firstItemOfSearchResultVerification" duration-ms="3947" started-at="2020-06-02T14:20:12Z" finished-at="2020-06-02T14:20:16Z">
          <reporter-output>
          </reporter-output>
        </test-method> <!-- firstItemOfSearchResultVerification -->
        <test-method status="PASS" signature="addToCartProductVerification()[pri:0, instance:com.amazon.productTests.AddProductToCartTests@235834f2]" name="addToCartProductVerification" duration-ms="6182" started-at="2020-06-02T14:20:16Z" depends-on-methods="com.amazon.productTests.AddProductToCartTests.firstItemOfSearchResultVerification" finished-at="2020-06-02T14:20:22Z">
          <reporter-output>
          </reporter-output>
        </test-method> <!-- addToCartProductVerification -->
        <test-method status="PASS" signature="afterTest()[pri:0, instance:com.amazon.productTests.AddProductToCartTests@235834f2]" name="afterTest" is-config="true" duration-ms="132" started-at="2020-06-02T14:20:22Z" finished-at="2020-06-02T14:20:22Z">
          <reporter-output>
          </reporter-output>
        </test-method> <!-- afterTest -->
      </class> <!-- com.amazon.productTests.AddProductToCartTests -->
    </test> <!-- AmazonProduct -->
  </suite> <!-- AmazonProduct test Suite -->
</testng-results>
