<?xml version="1.0" encoding="UTF-8"?>
<!-- Generated by org.testng.reporters.JUnitXMLReporter -->
<testsuite hostname="Rachna1085.local" ignored="0" name="AmazonProduct" tests="6" failures="1" timestamp="02 Jun 2020 14:20:22 GMT" time="32.131" errors="0">
  <testcase name="goButtonVerificationWithEmptySearchText" time="3.733" classname="com.amazon.productTests.ProducrSearchTests"/>
  <testcase name="goButtonVerificationWithoutCategorySelection" time="4.214" classname="com.amazon.productTests.ProducrSearchTests"/>
  <testcase name="multiSearchResultVerification" time="2.417" classname="com.amazon.productTests.ProducrSearchTests">
    <failure type="java.lang.AssertionError" message="expected [true] but found [false]">
      <![CDATA[java.lang.AssertionError: expected [true] but found [false]
at com.amazon.productTests.ProducrSearchTests.multiSearchResultVerification(ProducrSearchTests.java:56)
... Removed 32 stack frames]]>
    </failure>
  </testcase> <!-- multiSearchResultVerification -->
  <testcase name="noResultVerification" time="2.388" classname="com.amazon.productTests.ProducrSearchTests"/>
  <testcase name="firstItemOfSearchResultVerification" time="3.947" classname="com.amazon.productTests.AddProductToCartTests"/>
  <testcase name="addToCartProductVerification" time="6.182" classname="com.amazon.productTests.AddProductToCartTests"/>
</testsuite> <!-- AmazonProduct -->
